<?xml version="1.0" encoding="UTF-8"?>
<!-- Generated by org.testng.reporters.JUnitReportReporter -->
<testsuite hostname="DESKTOP-CRQS1EA" failures="0" tests="1" name="com.facebook.testCases.TC_001_LoginPageTest" time="0.041" errors="0" timestamp="01 Jun 2021 12:55:46 GMT" skipped="0">
  <testcase classname="com.facebook.testCases.TC_001_LoginPageTest" name="loginPageTitleTest" time="0.041"/>
</testsuite> <!-- com.facebook.testCases.TC_001_LoginPageTest -->
