<?xml version="1.0" encoding="UTF-8"?>
<!-- Generated by org.testng.reporters.JUnitReportReporter -->
<testsuite hostname="DESKTOP-CRQS1EA" failures="0" tests="4" name="com.facebook.testCases.TC_002_CreatePost" time="15.663" errors="0" timestamp="01 Jun 2021 12:55:46 GMT" skipped="0">
  <testcase classname="com.facebook.testCases.TC_002_CreatePost" name="verifyHomePageTitle" time="0.007"/>
  <testcase classname="com.facebook.testCases.TC_002_CreatePost" name="createPostLinkClick" time="4.828"/>
  <testcase classname="com.facebook.testCases.TC_002_CreatePost" name="postCommentTextSucess" time="10.300"/>
  <testcase classname="com.facebook.testCases.TC_002_CreatePost" name="postCommentText" time="0.528"/>
</testsuite> <!-- com.facebook.testCases.TC_002_CreatePost -->
